[INFO] Scanning for projects...
[INFO] 
[INFO] -----------------------< com.ornek:PsikoAI_Demo >-----------------------
[INFO] Building PsikoAI_Demo 1.0-SNAPSHOT
[INFO]   from pom.xml
[INFO] --------------------------------[ jar ]---------------------------------
[WARNING] 6 problems were encountered while building the effective model for org.openjfx:javafx-controls:jar:21 during dependency collection step for project (use -X to see details)
[INFO] 
[INFO] --- resources:3.3.1:resources (default-resources) @ PsikoAI_Demo ---
[INFO] Copying 5 resources from src\main\resources to target\classes
[INFO] 
[INFO] --- compiler:3.10.1:compile (default-compile) @ PsikoAI_Demo ---
[INFO] Changes detected - recompiling the module!
[INFO] Compiling 13 source files to C:\Users\oguzz\Desktop\PsikoAI\PsikoAI_Demo\target\classes
[INFO] -------------------------------------------------------------
[ERROR] COMPILATION ERROR : 
[INFO] -------------------------------------------------------------
[ERROR] /C:/Users/oguzz/Desktop/PsikoAI/PsikoAI_Demo/src/main/java/com/ornek/CrisisScreenController.java:[5,12] package java.awt is not visible
  (package java.awt is declared in module java.desktop, but module com.ornek does not read it)
[INFO] 1 error
[INFO] -------------------------------------------------------------
[INFO] ------------------------------------------------------------------------
[INFO] BUILD FAILURE
[INFO] ------------------------------------------------------------------------
[INFO] Total time:  1.391 s
[INFO] Finished at: 2026-03-29T12:08:19+03:00
[INFO] ------------------------------------------------------------------------
[ERROR] Failed to execute goal org.apache.maven.plugins:maven-compiler-plugin:3.10.1:compile (default-compile) on project PsikoAI_Demo: Compilation failure
[ERROR] /C:/Users/oguzz/Desktop/PsikoAI/PsikoAI_Demo/src/main/java/com/ornek/CrisisScreenController.java:[5,12] package java.awt is not visible
[ERROR]   (package java.awt is declared in module java.desktop, but module com.ornek does not read it)
[ERROR] 
[ERROR] -> [Help 1]
[ERROR] 
[ERROR] To see the full stack trace of the errors, re-run Maven with the -e switch.
[ERROR] Re-run Maven using the -X switch to enable full debug logging.
[ERROR] 
[ERROR] For more information about the errors and possible solutions, please read the following articles:
[ERROR] [Help 1] http://cwiki.apache.org/confluence/display/MAVEN/MojoFailureException
